\BOOKMARK [0][-]{chapter.1}{\376\377\060\157\060\130\060\201\060\153}{}% 1
\BOOKMARK [1][-]{section.1.1}{\376\377\170\024\172\166\200\314\146\157}{chapter.1}% 2
\BOOKMARK [1][-]{section.1.2}{\376\377\170\024\172\166\166\356\166\204}{chapter.1}% 3
\BOOKMARK [1][-]{section.1.3}{\376\377\147\054\170\024\172\166\060\156\214\242\163\056}{chapter.1}% 4
\BOOKMARK [1][-]{section.1.4}{\376\377\212\326\145\207\151\313\142\020}{chapter.1}% 5
\BOOKMARK [0][-]{chapter.2}{\376\377\225\242\220\043\170\024\172\166}{}% 6
\BOOKMARK [1][-]{section.2.1}{\376\377\000R\000A\000G\000\040\060\156\127\372\171\016}{chapter.2}% 7
\BOOKMARK [1][-]{section.2.2}{\376\377\131\032\212\000\212\236\000\040\000R\000A\000G\000\040\060\150\060\257\060\355\060\271\060\352\060\363\060\254\060\353\000\040\000Q\000A\000\040\060\156\134\125\225\213}{chapter.2}% 8
\BOOKMARK [1][-]{section.2.3}{\376\377\131\032\212\000\212\236\000\040\000R\000A\000G\000\040\060\156\116\343\210\150\166\204\060\242\060\327\060\355\060\374\060\301}{chapter.2}% 9
\BOOKMARK [1][-]{section.2.4}{\376\377\147\054\170\024\172\166\060\156\117\115\177\156\060\145\060\121}{chapter.2}% 10
\BOOKMARK [0][-]{chapter.3}{\376\377\143\320\150\110\142\113\154\325}{}% 11
\BOOKMARK [1][-]{section.3.1}{\376\377\000L\000B\000R\000A\000G\000\040\060\156\121\150\117\123\151\313\142\020}{chapter.3}% 12
\BOOKMARK [1][-]{section.3.2}{\376\377\131\032\212\000\212\236\155\367\124\010\151\034\175\042}{chapter.3}% 13
\BOOKMARK [1][-]{section.3.3}{\376\377\220\170\142\236\166\204\212\000\212\236\060\326\060\352\060\303\060\270}{chapter.3}% 14
\BOOKMARK [1][-]{section.3.4}{\376\377\212\074\142\340\207\215\124\010\060\150\165\037\142\020\060\327\060\355\060\363\060\327\060\310\212\055\212\010}{chapter.3}% 15
\BOOKMARK [1][-]{section.3.5}{\376\377\143\250\212\326\060\327\060\355\060\273\060\271\060\156\060\176\060\150\060\201}{chapter.3}% 16
\BOOKMARK [0][-]{chapter.4}{\376\377\133\237\212\074\122\006\147\220}{}% 17
\BOOKMARK [1][-]{section.4.1}{\376\377\133\237\232\023\212\055\212\010\060\156\151\202\211\201}{chapter.4}% 18
\BOOKMARK [1][-]{section.4.2}{\376\377\060\307\060\374\060\277\060\273\060\303\060\310\060\150\167\345\213\130\060\331\060\374\060\271}{chapter.4}% 19
\BOOKMARK [1][-]{section.4.3}{\376\377\153\324\217\003\142\113\154\325}{chapter.4}% 20
\BOOKMARK [1][-]{section.4.4}{\376\377\133\237\210\305\147\141\116\366}{chapter.4}% 21
\BOOKMARK [1][-]{section.4.5}{\376\377\212\125\117\241\143\007\152\031}{chapter.4}% 22
\BOOKMARK [1][-]{section.4.6}{\376\377\212\125\117\241\060\327\060\355\060\310\060\263\060\353}{chapter.4}% 23
\BOOKMARK [1][-]{section.4.7}{\376\377\147\054\133\237\232\023\212\055\133\232\060\156\174\041\165\145\123\026\160\271\060\150\226\120\165\114}{chapter.4}% 24
\BOOKMARK [0][-]{chapter.5}{\376\377\133\237\232\023\175\120\147\234}{}% 25
\BOOKMARK [1][-]{section.5.1}{\376\377\121\150\117\123\175\120\147\234\377\010\116\073\211\201\143\007\152\031\377\011}{chapter.5}% 26
\BOOKMARK [1][-]{section.5.2}{\376\377\126\363\060\153\060\210\060\213\123\357\211\226\123\026}{chapter.5}% 27
\BOOKMARK [1][-]{section.5.3}{\376\377\200\003\133\337}{chapter.5}% 28
\BOOKMARK [0][-]{chapter.6}{\376\377\060\112\060\217\060\212\060\153}{}% 29
\BOOKMARK [0][-]{chapter*.3}{\376\377\123\302\200\003\145\207\163\056}{}% 30
\BOOKMARK [0][-]{chapter*.4}{\376\377\213\035\217\236}{}% 31
\BOOKMARK [0][-]{appendix*.5}{\376\377\116\330\223\062}{}% 32
